[debug] [2021-11-15T16:21:22.574Z] ----------------------------------------------------------------------
[debug] [2021-11-15T16:21:22.578Z] Command:       C:\Program Files (x86)\nodejs\node.exe C:\Users\User\AppData\Roaming\npm\node_modules\firebase-tools\lib\bin\firebase.js init
[debug] [2021-11-15T16:21:22.579Z] CLI Version:   9.22.0
[debug] [2021-11-15T16:21:22.579Z] Platform:      win32
[debug] [2021-11-15T16:21:22.579Z] Node Version:  v16.2.0
[debug] [2021-11-15T16:21:22.584Z] Time:          Mon Nov 15 2021 22:21:22 GMT+0600 (Bangladesh Standard Time)
[debug] [2021-11-15T16:21:22.584Z] ----------------------------------------------------------------------
[debug] 
[debug] [2021-11-15T16:21:22.586Z] >>> [apiv2][query] GET https://firebase-public.firebaseio.com/cli.json [none]
[debug] [2021-11-15T16:21:22.616Z] > command requires scopes: ["email","openid","https://www.googleapis.com/auth/cloudplatformprojects.readonly","https://www.googleapis.com/auth/firebase","https://www.googleapis.com/auth/cloud-platform"]
[debug] [2021-11-15T16:21:22.616Z] > authorizing via signed-in user (farhana.cse.bd@gmail.com)
[info] 
     ######## #### ########  ######## ########     ###     ######  ########
     ##        ##  ##     ## ##       ##     ##  ##   ##  ##       ##
     ######    ##  ########  ######   ########  #########  ######  ######
     ##        ##  ##    ##  ##       ##     ## ##     ##       ## ##
     ##       #### ##     ## ######## ########  ##     ##  ######  ########

You're about to initialize a Firebase project in this directory:

  C:\projects\handicraft-server

Before we get started, keep in mind:

  * You are currently outside your home directory

[debug] [2021-11-15T16:21:23.587Z] <<< [apiv2][status] GET https://firebase-public.firebaseio.com/cli.json 200
[debug] [2021-11-15T16:21:23.588Z] <<< [apiv2][body] GET https://firebase-public.firebaseio.com/cli.json {"cloudBuildErrorAfter":1594252800000,"cloudBuildWarnAfter":1590019200000,"defaultNode10After":1594252800000,"minVersion":"3.0.5","node8DeploysDisabledAfter":1613390400000,"node8RuntimeDisabledAfter":1615809600000,"node8WarnAfter":1600128000000}
